{"@t":"2021-02-16T05:27:41.9313619Z","@mt":"Seq {SeqVersion} running on OS {OSCaption}","SeqVersion":"2021.1.5307","OSCaption":"Linux 4.19.121-linuxkit #1 SMP Tue Dec 1 17:50:32 UTC 2020","SourceContext":"Seq.Server.Features.Diagnostics.EnvironmentInformationWriter"}
{"@t":"2021-02-16T05:27:42.0163049Z","@mt":"Seq detected {TotalRAM} MB of RAM","TotalRAM":2086.178816,"SourceContext":"Seq.Server.Features.Diagnostics.EnvironmentInformationWriter"}
{"@t":"2021-02-16T05:27:42.4628321Z","@mt":"Opening event store at {StreamPath}","StreamPath":"/data/Stream/stream.flare","SourceContext":"Flare.Cluster.StorageNodeCoordinator"}
{"@t":"2021-02-16T05:27:42.5330440Z","@mt":"Opening metastore {MetastorePath}","MetastorePath":"/data/Documents/documents.lmdb","SourceContext":"Quince.Storage.Lmdb.LmdbDocumentStore"}
{"@t":"2021-02-16T05:27:42.6446184Z","@mt":"Initializing a new metastore","SourceContext":"Quince.Storage.Lmdb.LmdbDocumentStore"}
{"@t":"2021-02-16T05:27:42.8471579Z","@mt":"Creating default workspace for {UserId}","UserId":"user-admin"}
{"@t":"2021-02-16T05:27:42.9652838Z","@mt":"Storage subsystem available"}
{"@t":"2021-02-16T05:27:43.2112034Z","@mt":"Seq listening on {ListenUris}","ListenUris":["http://localhost/","http://localhost:5341/"]}
{"@t":"2021-02-16T05:28:31.8846873Z","@mt":"Termination signal received"}
{"@t":"2021-02-16T05:28:31.9675832Z","@mt":"Signalling for {Workers} worker task(s) to complete","Workers":3,"SourceContext":"Flare.Workers.WorkerPool"}
{"@t":"2021-02-16T05:28:32.3764537Z","@mt":"Work {WorkDescription} ({WorkId}) completed with its token in a canceled state","WorkDescription":"Monitor alerts and trigger notifications","WorkId":"c136859a-2267-4e16-978b-20e995874b62","SourceContext":"Flare.Workers.WorkerPool"}
{"@t":"2021-02-16T05:28:32.5442965Z","@mt":"Work {WorkDescription} ({WorkId}) completed with its token in a canceled state","WorkDescription":"Sample system memory","WorkId":"3c135d61-b05b-4dc0-9bc5-f613536de9b2","SourceContext":"Flare.Workers.WorkerPool"}
{"@t":"2021-02-16T05:28:32.5479492Z","@mt":"Work {WorkDescription} ({WorkId}) completed with its token in a canceled state","WorkDescription":"Manage event cache resources","WorkId":"4c548065-a006-4d54-802a-6ae7e2c7b1cb","SourceContext":"Flare.Workers.WorkerPool"}
{"@t":"2021-02-16T05:28:32.5702940Z","@mt":"Stopping {Tasks} scheduled tasks","Tasks":15,"SourceContext":"Seq.Server.Tasks.TaskRunner"}
{"@t":"2021-02-16T05:28:32.5771028Z","@mt":"Stopping input channel","SourceContext":"Seq.Server.Features.Apps.Inputs.InputChannel"}
{"@t":"2021-02-16T05:28:33.2266264Z","@mt":"Shutting down input channel; {AcceptedCount} queued events will be written","AcceptedCount":0,"SourceContext":"Seq.Server.Features.Apps.Inputs.InputChannel"}
{"@t":"2021-02-16T05:28:33.2280788Z","@mt":"Stopping broadcast channel","SourceContext":"Flare.Broadcast.BroadcastChannel"}
{"@t":"2021-02-16T05:28:34.2058116Z","@mt":"Shutting down broadcast channel with {AllowableFlush} flushable event batches (+{Tolerance} tolerance)","AllowableFlush":0,"Tolerance":15,"SourceContext":"Flare.Broadcast.BroadcastChannel"}
{"@t":"2021-02-16T05:28:34.2138602Z","@mt":"Closing event store","SourceContext":"Flare.Cluster.StorageNodeCoordinator"}
{"@t":"2021-02-16T05:28:34.2304203Z","@mt":"Closing metastore","SourceContext":"Quince.Storage.Lmdb.LmdbDocumentStore"}
{"@t":"2021-02-16T05:28:34.2375107Z","@mt":"Server stopped cleanly"}
{"@t":"2021-02-16T05:28:36.7146284Z","@mt":"Seq {SeqVersion} running on OS {OSCaption}","SeqVersion":"2021.1.5307","OSCaption":"Linux 4.19.121-linuxkit #1 SMP Tue Dec 1 17:50:32 UTC 2020","SourceContext":"Seq.Server.Features.Diagnostics.EnvironmentInformationWriter"}
{"@t":"2021-02-16T05:28:36.8112590Z","@mt":"Seq detected {TotalRAM} MB of RAM","TotalRAM":2086.178816,"SourceContext":"Seq.Server.Features.Diagnostics.EnvironmentInformationWriter"}
{"@t":"2021-02-16T06:16:15.1488520Z","@mt":"Seq {SeqVersion} running on OS {OSCaption}","SeqVersion":"2021.1.5307","OSCaption":"Linux 4.19.121-linuxkit #1 SMP Tue Dec 1 17:50:32 UTC 2020","SourceContext":"Seq.Server.Features.Diagnostics.EnvironmentInformationWriter"}
{"@t":"2021-02-16T06:16:15.2142161Z","@mt":"Seq detected {TotalRAM} MB of RAM","TotalRAM":2086.178816,"SourceContext":"Seq.Server.Features.Diagnostics.EnvironmentInformationWriter"}
{"@t":"2021-02-16T06:16:15.5841327Z","@mt":"Opening event store at {StreamPath}","StreamPath":"/data/Stream/stream.flare","SourceContext":"Flare.Cluster.StorageNodeCoordinator"}
{"@t":"2021-02-16T06:16:15.6591920Z","@mt":"Opening metastore {MetastorePath}","MetastorePath":"/data/Documents/documents.lmdb","SourceContext":"Quince.Storage.Lmdb.LmdbDocumentStore"}
{"@t":"2021-02-16T06:16:15.7762275Z","@mt":"Storage subsystem available"}
{"@t":"2021-02-16T06:16:15.9031548Z","@mt":"Seq listening on {ListenUris}","ListenUris":["http://localhost/","http://localhost:5341/"]}
{"@t":"2021-02-16T06:16:25.7169670Z","@mt":"Memory is overutilized, so cooling down segment {Segment} ({HotCount} events)","Segment":"2021-02-16T06:00:00.0000000Z","HotCount":5,"SourceContext":"Flare.Cache.SegmentCache"}
{"@t":"2021-02-16T06:17:15.9172824Z","@mt":"{CollectionCount} more generation 2 garbage collection(s) occurred","CollectionCount":2,"SourceContext":"Seq.Server.Features.Diagnostics.GCLogger"}
{"@t":"2021-02-16T06:17:51.1046507Z","@mt":"Updated {DocumentId}","DocumentId":"user-admin","SourceContext":"Seq.Server.Web.Api.UsersController","Principal":{"Id":"user-admin","OnBehalfOfUserId":"user-admin"},"ActionId":"a023730a-7fa7-4e12-adb5-6ffd5ee9c173","ActionName":"Seq.Server.Web.Api.UsersController.Update (Seq)","RequestId":"0HM6I89FLQ1M7:00000008","RequestPath":"/api/users/user-admin","ConnectionId":"0HM6I89FLQ1M7"}
{"@t":"2021-02-16T06:17:51.1123836Z","@mt":"Updating active alerts for owner {UserId}","UserId":"user-admin","SourceContext":"Seq.Server.Features.Monitoring.AlertProcessor","Principal":{"Id":"user-admin","OnBehalfOfUserId":"user-admin"},"ActionId":"a023730a-7fa7-4e12-adb5-6ffd5ee9c173","ActionName":"Seq.Server.Web.Api.UsersController.Update (Seq)","RequestId":"0HM6I89FLQ1M7:00000008","RequestPath":"/api/users/user-admin","ConnectionId":"0HM6I89FLQ1M7"}
{"@t":"2021-02-16T06:17:52.4810567Z","@mt":"Updated {DocumentId}","DocumentId":"user-admin","SourceContext":"Seq.Server.Web.Api.UsersController","Principal":{"Id":"user-admin","OnBehalfOfUserId":"user-admin"},"ActionId":"a023730a-7fa7-4e12-adb5-6ffd5ee9c173","ActionName":"Seq.Server.Web.Api.UsersController.Update (Seq)","RequestId":"0HM6I89FLQ1M7:00000009","RequestPath":"/api/users/user-admin","ConnectionId":"0HM6I89FLQ1M7"}
{"@t":"2021-02-16T06:17:52.4821821Z","@mt":"Updating active alerts for owner {UserId}","UserId":"user-admin","SourceContext":"Seq.Server.Features.Monitoring.AlertProcessor","Principal":{"Id":"user-admin","OnBehalfOfUserId":"user-admin"},"ActionId":"a023730a-7fa7-4e12-adb5-6ffd5ee9c173","ActionName":"Seq.Server.Web.Api.UsersController.Update (Seq)","RequestId":"0HM6I89FLQ1M7:00000009","RequestPath":"/api/users/user-admin","ConnectionId":"0HM6I89FLQ1M7"}
{"@t":"2021-02-16T06:21:15.6242822Z","@mt":"Metrics sampled","CacheDays":0,"CacheEvents":0,"SystemMemoryUtilization":0.785070711790796,"ProcessWorkingSetBytes":140447744,"ProcessThreads":42,"ArrivedEventsPerMinute":0,"IngestedEventsPerMinute":0,"IngestedBytesPerMinute":0,"InvalidPayloadsPerMinute":0,"UnauthorizedPayloadsPerMinute":0,"BroadcastQueueCount":0,"BroadcastSubscriptionQueuesAggregateCount":0}
{"@t":"2021-02-16T06:26:15.2862258Z","@mt":"Metrics sampled","CacheDays":0,"CacheEvents":0,"SystemMemoryUtilization":0.836637405486913,"ProcessWorkingSetBytes":145346560,"ProcessThreads":43,"ArrivedEventsPerMinute":0,"IngestedEventsPerMinute":0,"IngestedBytesPerMinute":0,"InvalidPayloadsPerMinute":0,"UnauthorizedPayloadsPerMinute":0,"BroadcastQueueCount":0,"BroadcastSubscriptionQueuesAggregateCount":0}
{"@t":"2021-02-16T06:26:15.2957450Z","@mt":"Applying {Count} retention policies","Count":0,"SourceContext":"Seq.Server.Features.Retention.RetentionPolicyApplier"}
{"@t":"2021-02-16T06:26:15.3006846Z","@mt":"Retention processing and compaction took {Elapsed} ms; allocating {Allocation} ms for indexing","Elapsed":8.5885,"Allocation":599991.4115}
{"@t":"2021-02-16T06:26:15.3042710Z","@mt":"Beginning indexing","SourceContext":"Seq.Server.Features.Indexing.EventStoreIndexer"}
{"@t":"2021-02-16T06:26:15.3181071Z","@mt":"Wrote {IndexSetCount} index sets in {Elapsed:0.000} ms","@r":["9.000"],"IndexSetCount":0,"Elapsed":9,"SourceContext":"Seq.Server.Features.Indexing.EventStoreIndexer"}
{"@t":"2021-02-16T06:26:15.3190945Z","@mt":"Indexing took {Elapsed} ms; total iteration time was {Iteration} ms","Elapsed":17,"Iteration":26.0102}
{"@t":"2021-02-16T06:31:14.9481793Z","@mt":"Metrics sampled","CacheDays":0,"CacheEvents":0,"SystemMemoryUtilization":0.8442141596360645,"ProcessWorkingSetBytes":157790208,"ProcessThreads":42,"ArrivedEventsPerMinute":0,"IngestedEventsPerMinute":0,"IngestedBytesPerMinute":0,"InvalidPayloadsPerMinute":0,"UnauthorizedPayloadsPerMinute":0,"BroadcastQueueCount":0,"BroadcastSubscriptionQueuesAggregateCount":0}
{"@t":"2021-02-16T06:36:14.5625069Z","@mt":"Applying {Count} retention policies","Count":0,"SourceContext":"Seq.Server.Features.Retention.RetentionPolicyApplier"}
{"@t":"2021-02-16T06:36:14.5644904Z","@mt":"Retention processing and compaction took {Elapsed} ms; allocating {Allocation} ms for indexing","Elapsed":2.0275,"Allocation":599997.9725}
{"@t":"2021-02-16T06:36:14.5694056Z","@mt":"Beginning indexing","SourceContext":"Seq.Server.Features.Indexing.EventStoreIndexer"}
{"@t":"2021-02-16T06:36:14.5708246Z","@mt":"Wrote {IndexSetCount} index sets in {Elapsed:0.000} ms","@r":["0.000"],"IndexSetCount":0,"Elapsed":0,"SourceContext":"Seq.Server.Features.Indexing.EventStoreIndexer"}
{"@t":"2021-02-16T06:36:14.5641710Z","@mt":"Metrics sampled","CacheDays":0,"CacheEvents":0,"SystemMemoryUtilization":0.8453980888280672,"ProcessWorkingSetBytes":158322688,"ProcessThreads":41,"ArrivedEventsPerMinute":0,"IngestedEventsPerMinute":0,"IngestedBytesPerMinute":0,"InvalidPayloadsPerMinute":0,"UnauthorizedPayloadsPerMinute":0,"BroadcastQueueCount":0,"BroadcastSubscriptionQueuesAggregateCount":0}
{"@t":"2021-02-16T06:36:14.5723691Z","@mt":"Indexing took {Elapsed} ms; total iteration time was {Iteration} ms","Elapsed":2,"Iteration":5.0002}
{"@t":"2021-02-16T06:41:14.2224063Z","@mt":"Metrics sampled","CacheDays":0,"CacheEvents":0,"SystemMemoryUtilization":0.8448660078810809,"ProcessWorkingSetBytes":157216768,"ProcessThreads":42,"ArrivedEventsPerMinute":0,"IngestedEventsPerMinute":0,"IngestedBytesPerMinute":0,"InvalidPayloadsPerMinute":0,"UnauthorizedPayloadsPerMinute":0,"BroadcastQueueCount":0,"BroadcastSubscriptionQueuesAggregateCount":0}
{"@t":"2021-02-16T06:46:13.8755745Z","@mt":"Applying {Count} retention policies","Count":0,"SourceContext":"Seq.Server.Features.Retention.RetentionPolicyApplier"}
{"@t":"2021-02-16T06:46:13.8779928Z","@mt":"Retention processing and compaction took {Elapsed} ms; allocating {Allocation} ms for indexing","Elapsed":2.4477,"Allocation":599997.5523}
{"@t":"2021-02-16T06:46:13.8792067Z","@mt":"Beginning indexing","SourceContext":"Seq.Server.Features.Indexing.EventStoreIndexer"}
{"@t":"2021-02-16T06:46:13.8807802Z","@mt":"Wrote {IndexSetCount} index sets in {Elapsed:0.000} ms","@r":["0.000"],"IndexSetCount":0,"Elapsed":0,"SourceContext":"Seq.Server.Features.Indexing.EventStoreIndexer"}
{"@t":"2021-02-16T06:46:13.8817387Z","@mt":"Indexing took {Elapsed} ms; total iteration time was {Iteration} ms","Elapsed":2,"Iteration":4.9713}
{"@t":"2021-02-16T06:46:13.8783083Z","@mt":"Metrics sampled","CacheDays":0,"CacheEvents":0,"SystemMemoryUtilization":0.8472024518918324,"ProcessWorkingSetBytes":159621120,"ProcessThreads":42,"ArrivedEventsPerMinute":0,"IngestedEventsPerMinute":0,"IngestedBytesPerMinute":0,"InvalidPayloadsPerMinute":0,"UnauthorizedPayloadsPerMinute":0,"BroadcastQueueCount":0,"BroadcastSubscriptionQueuesAggregateCount":0}
{"@t":"2021-02-16T06:51:13.5397375Z","@mt":"Metrics sampled","CacheDays":0,"CacheEvents":0,"SystemMemoryUtilization":0.8517673530052756,"ProcessWorkingSetBytes":163753984,"ProcessThreads":42,"ArrivedEventsPerMinute":0,"IngestedEventsPerMinute":0,"IngestedBytesPerMinute":0,"InvalidPayloadsPerMinute":0,"UnauthorizedPayloadsPerMinute":0,"BroadcastQueueCount":0,"BroadcastSubscriptionQueuesAggregateCount":0}
{"@t":"2021-02-16T06:56:13.2058647Z","@mt":"Applying {Count} retention policies","Count":0,"SourceContext":"Seq.Server.Features.Retention.RetentionPolicyApplier"}
{"@t":"2021-02-16T06:56:13.2081453Z","@mt":"Retention processing and compaction took {Elapsed} ms; allocating {Allocation} ms for indexing","Elapsed":2.291,"Allocation":599997.709}
{"@t":"2021-02-16T06:56:13.2099616Z","@mt":"Beginning indexing","SourceContext":"Seq.Server.Features.Indexing.EventStoreIndexer"}
{"@t":"2021-02-16T06:56:13.2112946Z","@mt":"Wrote {IndexSetCount} index sets in {Elapsed:0.000} ms","@r":["0.000"],"IndexSetCount":0,"Elapsed":0,"SourceContext":"Seq.Server.Features.Indexing.EventStoreIndexer"}
{"@t":"2021-02-16T06:56:13.2123403Z","@mt":"Indexing took {Elapsed} ms; total iteration time was {Iteration} ms","Elapsed":2,"Iteration":4.6668}
{"@t":"2021-02-16T06:56:13.2148029Z","@mt":"Metrics sampled","CacheDays":0,"CacheEvents":0,"SystemMemoryUtilization":0.8530573057070099,"ProcessWorkingSetBytes":168775680,"ProcessThreads":38,"ArrivedEventsPerMinute":0,"IngestedEventsPerMinute":0,"IngestedBytesPerMinute":0,"InvalidPayloadsPerMinute":0,"UnauthorizedPayloadsPerMinute":0,"BroadcastQueueCount":0,"BroadcastSubscriptionQueuesAggregateCount":0}
{"@t":"2021-02-16T07:01:12.8721152Z","@mt":"Metrics sampled","CacheDays":0,"CacheEvents":0,"SystemMemoryUtilization":0.8537543121135787,"ProcessWorkingSetBytes":169074688,"ProcessThreads":39,"ArrivedEventsPerMinute":0,"IngestedEventsPerMinute":0,"IngestedBytesPerMinute":0,"InvalidPayloadsPerMinute":0,"UnauthorizedPayloadsPerMinute":0,"BroadcastQueueCount":0,"BroadcastSubscriptionQueuesAggregateCount":0}
{"@t":"2021-02-16T07:06:12.5241884Z","@mt":"Applying {Count} retention policies","Count":0,"SourceContext":"Seq.Server.Features.Retention.RetentionPolicyApplier"}
{"@t":"2021-02-16T07:06:12.5267468Z","@mt":"Retention processing and compaction took {Elapsed} ms; allocating {Allocation} ms for indexing","Elapsed":2.4536,"Allocation":599997.5464}
{"@t":"2021-02-16T07:06:12.5278134Z","@mt":"Beginning indexing","SourceContext":"Seq.Server.Features.Indexing.EventStoreIndexer"}
{"@t":"2021-02-16T07:06:12.5295465Z","@mt":"Wrote {IndexSetCount} index sets in {Elapsed:0.000} ms","@r":["0.000"],"IndexSetCount":0,"Elapsed":0,"SourceContext":"Seq.Server.Features.Indexing.EventStoreIndexer"}
{"@t":"2021-02-16T07:06:12.5305487Z","@mt":"Indexing took {Elapsed} ms; total iteration time was {Iteration} ms","Elapsed":2,"Iteration":5.193}
{"@t":"2021-02-16T07:06:12.5291537Z","@mt":"Metrics sampled","CacheDays":0,"CacheEvents":0,"SystemMemoryUtilization":0.8546339145646851,"ProcessWorkingSetBytes":169082880,"ProcessThreads":42,"ArrivedEventsPerMinute":0,"IngestedEventsPerMinute":0,"IngestedBytesPerMinute":0,"InvalidPayloadsPerMinute":0,"UnauthorizedPayloadsPerMinute":0,"BroadcastQueueCount":0,"BroadcastSubscriptionQueuesAggregateCount":0}
{"@t":"2021-02-16T07:11:12.1914142Z","@mt":"Metrics sampled","CacheDays":0,"CacheEvents":0,"SystemMemoryUtilization":0.852483993395128,"ProcessWorkingSetBytes":168632320,"ProcessThreads":42,"ArrivedEventsPerMinute":0,"IngestedEventsPerMinute":0,"IngestedBytesPerMinute":0,"InvalidPayloadsPerMinute":0,"UnauthorizedPayloadsPerMinute":0,"BroadcastQueueCount":0,"BroadcastSubscriptionQueuesAggregateCount":0}
{"@t":"2021-02-16T07:16:11.8305215Z","@mt":"Native storage metrics sampled","ABI_INTERNAL_ERROR":0,"ABI_IO_ERROR":0,"ABI_PANIC":0,"DELETE_ABANDON":0,"DELETE_BEGIN":0,"DELETE_COMPLETE":0,"DELETE_EXCLUDE_EVENT":0,"DELETE_SKIP_SPAN":0,"INDEX_SET_CREATE":0,"INDEX_SET_LOAD":0,"INDEX_SET_MISSING_INDEX_LOOKUP":0,"INDEX_SET_REMOVE":0,"INDEXER_ABORT":0,"INDEXER_BEGIN_NEW":0,"INDEXER_BEGIN_OUTDATED":0,"INDEXER_COALESCED":0,"INDEXER_COMMIT":0,"INGEST_BUF_CREATE":1,"INGEST_BUF_READ":11,"INGEST_BUF_READ_TRUNCATED":0,"INGEST_BUF_REMOVE":0,"INGEST_BUF_WRITE_EVENT":5,"MAINTENANCE_TRANSACTION_BEGIN":5,"MAINTENANCE_TRANSACTION_COMPLETE":5,"MAINTENANCE_TRANSACTION_DIRTY_COMPLETE":0,"METADATA_READ_TRUNCATED":0,"QUERY_BEGIN":33,"QUERY_END":33,"QUERY_ROW_HIT":1185,"QUERY_ROW_MISS_FRAGMENT":0,"QUERY_ROW_MISS_PREDICATE":5,"READ_TRANSACTION_BEGIN":19,"READ_TRANSACTION_COMPLETE":19,"READ_TRANSACTION_DIRTY_COMPLETE":0,"REPLICATION_FULL_SYNC":0,"STABLE_SPAN_CREATE":0,"STABLE_SPAN_LAST_SEEK_PROBES":0,"STABLE_SPAN_READ":0,"STABLE_SPAN_READ_NO_INDEX_SET":0,"STABLE_SPAN_READ_SKIP":0,"STABLE_SPAN_REMOVE":0,"STABLE_SPAN_SEEK":0,"STABLE_SPAN_SPARSE_READ":0,"STORE_CLOSE":0,"STORE_CREATE":0,"STORE_OPEN":1,"TRUNCATE_COMPLETE":0,"WRITE_TRANSACTION_BEGIN":1,"WRITE_TRANSACTION_COMPLETE":1,"WRITE_TRANSACTION_DIRTY_COMPLETE":0,"WRITER_ABORT":0,"WRITER_BEGIN":1,"WRITER_COMMIT":1,"WRITER_COMMIT_MULTIPLE_BUFS":0}
{"@t":"2021-02-16T07:16:11.8403483Z","@mt":"Applying {Count} retention policies","Count":0,"SourceContext":"Seq.Server.Features.Retention.RetentionPolicyApplier"}
{"@t":"2021-02-16T07:16:11.8411014Z","@mt":"Retention processing and compaction took {Elapsed} ms; allocating {Allocation} ms for indexing","Elapsed":0.7791,"Allocation":599999.2209}
{"@t":"2021-02-16T07:16:11.8417891Z","@mt":"Beginning indexing","SourceContext":"Seq.Server.Features.Indexing.EventStoreIndexer"}
{"@t":"2021-02-16T07:16:11.8425455Z","@mt":"Wrote {IndexSetCount} index sets in {Elapsed:0.000} ms","@r":["0.000"],"IndexSetCount":0,"Elapsed":0,"SourceContext":"Seq.Server.Features.Indexing.EventStoreIndexer"}
{"@t":"2021-02-16T07:16:11.8430924Z","@mt":"Indexing took {Elapsed} ms; total iteration time was {Iteration} ms","Elapsed":1,"Iteration":2.0831}
{"@t":"2021-02-16T07:16:11.8493390Z","@mt":"Metrics sampled","CacheDays":0,"CacheEvents":0,"SystemMemoryUtilization":0.852927721417338,"ProcessWorkingSetBytes":169975808,"ProcessThreads":40,"ArrivedEventsPerMinute":0,"IngestedEventsPerMinute":0,"IngestedBytesPerMinute":0,"InvalidPayloadsPerMinute":0,"UnauthorizedPayloadsPerMinute":0,"BroadcastQueueCount":0,"BroadcastSubscriptionQueuesAggregateCount":0}
{"@t":"2021-02-16T07:21:11.4886626Z","@mt":"Metrics sampled","CacheDays":0,"CacheEvents":0,"SystemMemoryUtilization":0.8535697526707126,"ProcessWorkingSetBytes":170385408,"ProcessThreads":42,"ArrivedEventsPerMinute":0,"IngestedEventsPerMinute":0,"IngestedBytesPerMinute":0,"InvalidPayloadsPerMinute":0,"UnauthorizedPayloadsPerMinute":0,"BroadcastQueueCount":0,"BroadcastSubscriptionQueuesAggregateCount":0}
{"@t":"2021-02-16T07:26:11.1335252Z","@mt":"Applying {Count} retention policies","Count":0,"SourceContext":"Seq.Server.Features.Retention.RetentionPolicyApplier"}
{"@t":"2021-02-16T07:26:11.1344302Z","@mt":"Retention processing and compaction took {Elapsed} ms; allocating {Allocation} ms for indexing","Elapsed":1.8288,"Allocation":599998.1712}
{"@t":"2021-02-16T07:26:11.1350271Z","@mt":"Beginning indexing","SourceContext":"Seq.Server.Features.Indexing.EventStoreIndexer"}
{"@t":"2021-02-16T07:26:11.1373022Z","@mt":"Wrote {IndexSetCount} index sets in {Elapsed:0.000} ms","@r":["1.000"],"IndexSetCount":0,"Elapsed":1,"SourceContext":"Seq.Server.Features.Indexing.EventStoreIndexer"}
{"@t":"2021-02-16T07:26:11.1380866Z","@mt":"Indexing took {Elapsed} ms; total iteration time was {Iteration} ms","Elapsed":3,"Iteration":4.8888}
{"@t":"2021-02-16T07:26:11.1445012Z","@mt":"Metrics sampled","CacheDays":0,"CacheEvents":0,"SystemMemoryUtilization":0.8595856051488158,"ProcessWorkingSetBytes":171671552,"ProcessThreads":42,"ArrivedEventsPerMinute":0,"IngestedEventsPerMinute":0,"IngestedBytesPerMinute":0,"InvalidPayloadsPerMinute":0,"UnauthorizedPayloadsPerMinute":0,"BroadcastQueueCount":0,"BroadcastSubscriptionQueuesAggregateCount":0}
{"@t":"2021-02-16T07:27:12.1779479Z","@mt":"Termination signal received"}
{"@t":"2021-02-16T07:27:12.2546073Z","@mt":"Signalling for {Workers} worker task(s) to complete","Workers":3,"SourceContext":"Flare.Workers.WorkerPool"}
{"@t":"2021-02-16T07:27:12.7575433Z","@mt":"Work {WorkDescription} ({WorkId}) completed with its token in a canceled state","WorkDescription":"Manage event cache resources","WorkId":"f5f8037f-7dda-4ff0-9863-ee3fcb3d809a","SourceContext":"Flare.Workers.WorkerPool"}
{"@t":"2021-02-16T07:27:12.7602310Z","@mt":"Work {WorkDescription} ({WorkId}) completed with its token in a canceled state","WorkDescription":"Monitor alerts and trigger notifications","WorkId":"a58dee16-5c42-42b2-afe3-c3203e431ad7","SourceContext":"Flare.Workers.WorkerPool"}
{"@t":"2021-02-16T07:27:16.8731241Z","@mt":"Work {WorkDescription} ({WorkId}) completed with its token in a canceled state","WorkDescription":"Sample system memory","WorkId":"8aa78fec-d2bc-4565-a928-2c9f17f3ab7c","SourceContext":"Flare.Workers.WorkerPool"}
{"@t":"2021-02-16T07:27:16.9681182Z","@mt":"Stopping {Tasks} scheduled tasks","Tasks":15,"SourceContext":"Seq.Server.Tasks.TaskRunner"}
{"@t":"2021-02-16T07:27:16.9738837Z","@mt":"Stopping input channel","SourceContext":"Seq.Server.Features.Apps.Inputs.InputChannel"}
{"@t":"2021-02-16T07:27:17.6846538Z","@mt":"Shutting down input channel; {AcceptedCount} queued events will be written","AcceptedCount":0,"SourceContext":"Seq.Server.Features.Apps.Inputs.InputChannel"}
{"@t":"2021-02-16T07:27:17.6891683Z","@mt":"Stopping broadcast channel","SourceContext":"Flare.Broadcast.BroadcastChannel"}
{"@t":"2021-02-16T07:27:18.3178834Z","@mt":"Shutting down broadcast channel with {AllowableFlush} flushable event batches (+{Tolerance} tolerance)","AllowableFlush":0,"Tolerance":15,"SourceContext":"Flare.Broadcast.BroadcastChannel"}
{"@t":"2021-02-16T07:27:18.3421335Z","@mt":"Closing event store","SourceContext":"Flare.Cluster.StorageNodeCoordinator"}
{"@t":"2021-02-16T07:27:18.3676679Z","@mt":"Closing metastore","SourceContext":"Quince.Storage.Lmdb.LmdbDocumentStore"}
{"@t":"2021-02-16T07:27:18.3827069Z","@mt":"Server stopped cleanly"}
{"@t":"2021-02-16T07:27:20.9760894Z","@mt":"Seq {SeqVersion} running on OS {OSCaption}","SeqVersion":"2021.1.5307","OSCaption":"Linux 4.19.121-linuxkit #1 SMP Tue Dec 1 17:50:32 UTC 2020","SourceContext":"Seq.Server.Features.Diagnostics.EnvironmentInformationWriter"}
{"@t":"2021-02-16T07:27:21.0331316Z","@mt":"Seq detected {TotalRAM} MB of RAM","TotalRAM":2086.178816,"SourceContext":"Seq.Server.Features.Diagnostics.EnvironmentInformationWriter"}
{"@t":"2021-02-16T07:27:21.3163703Z","@mt":"Opening event store at {StreamPath}","StreamPath":"/data/Stream/stream.flare","SourceContext":"Flare.Cluster.StorageNodeCoordinator"}
{"@t":"2021-02-16T07:27:21.3762768Z","@mt":"Opening metastore {MetastorePath}","MetastorePath":"/data/Documents/documents.lmdb","SourceContext":"Quince.Storage.Lmdb.LmdbDocumentStore"}
{"@t":"2021-02-16T07:27:21.3839777Z","@mt":"Cache warm-up is required","SourceContext":"Flare.Cache.SegmentCache","OperationId":"c18e6ba8-247a-413a-848f-4d8ddcc4ab14"}
{"@t":"2021-02-16T07:27:21.3894412Z","@mt":"Initial memory cache warm-up {Outcome} in {Elapsed:0.0} ms","@r":["5.7"],"Outcome":"completed","Elapsed":5.6665,"OperationId":"c18e6ba8-247a-413a-848f-4d8ddcc4ab14"}
{"@t":"2021-02-16T07:27:21.3953917Z","@mt":"{WarmSegments} segments warmed up ({@Shared})","WarmSegments":0,"Shared":{"Schemata":0,"Strings":0},"SourceContext":"Flare.Cache.SegmentCache"}
{"@t":"2021-02-16T07:27:21.4298990Z","@mt":"Storage subsystem available"}
{"@t":"2021-02-16T07:27:21.5212804Z","@mt":"Seq listening on {ListenUris}","ListenUris":["http://localhost/","http://localhost:5341/"]}
